{
  "RSpec": {
    "coverage": {
      "/Users/ngeslin/Documents/www/ss-blue-whale/BlueWhale/app/controllers/clients_controller.rb": [
        1,
        1,
        null,
        null,
        1,
        1,
        null,
        1,
        null,
        null,
        null,
        1,
        0,
        null,
        null,
        null,
        1,
        0,
        null,
        0,
        0,
        null,
        0,
        null,
        null,
        null,
        null,
        1,
        0,
        0,
        null,
        0,
        null,
        null,
        null,
        null,
        1,
        0,
        null,
        null,
        1,
        null,
        1,
        0,
        null,
        null,
        null,
        1,
        0,
        null,
        null
      ],
      "/Users/ngeslin/Documents/www/ss-blue-whale/BlueWhale/app/controllers/application_controller.rb": [
        1,
        null
      ],
      "/Users/ngeslin/Documents/www/ss-blue-whale/BlueWhale/spec/models/client_spec.rb": [
        1,
        null,
        1,
        1,
        null
      ],
      "/Users/ngeslin/Documents/www/ss-blue-whale/BlueWhale/app/models/client.rb": [
        1,
        null
      ],
      "/Users/ngeslin/Documents/www/ss-blue-whale/BlueWhale/app/models/application_record.rb": [
        1,
        1,
        null
      ],
      "/Users/ngeslin/Documents/www/ss-blue-whale/BlueWhale/spec/requests/clients_spec.rb": [
        1,
        null,
        1,
        1,
        1,
        1,
        1,
        null,
        null,
        null
      ],
      "/Users/ngeslin/Documents/www/ss-blue-whale/BlueWhale/spec/routing/clients_routing_spec.rb": [
        1,
        null,
        1,
        1,
        null,
        1,
        1,
        null,
        null,
        1,
        1,
        null,
        null,
        1,
        1,
        null,
        null,
        1,
        1,
        null,
        null,
        1,
        1,
        null,
        null,
        1,
        1,
        null,
        null,
        1,
        1,
        null,
        null,
        null,
        null
      ]
    },
    "timestamp": 1459811606
  }
}
